\BOOKMARK [0][-]{chapter*.4}{Glossary and useful acronyms}{}% 1
\BOOKMARK [0][-]{chapter*.5}{Introduction}{}% 2
\BOOKMARK [0][-]{chapter.1}{Definition of the objectives}{}% 3
\BOOKMARK [1][-]{section.1.1}{What RTIS is: a brief overview}{chapter.1}% 4
\BOOKMARK [1][-]{section.1.2}{What exists to monitor it: description of the existing}{chapter.1}% 5
\BOOKMARK [1][-]{section.1.3}{What needs to be done: goals and expected functionalities}{chapter.1}% 6
\BOOKMARK [2][-]{subsection.1.3.1}{Visualising data}{section.1.3}% 7
\BOOKMARK [2][-]{subsection.1.3.2}{Modifying the RTIS behaviour}{section.1.3}% 8
\BOOKMARK [2][-]{subsection.1.3.3}{The problem of the bandwidth}{section.1.3}% 9
\BOOKMARK [2][-]{subsection.1.3.4}{Miscellaneous}{section.1.3}% 10
\BOOKMARK [0][-]{chapter.2}{The proposed solution}{}% 11
\BOOKMARK [1][-]{section.2.1}{General considerations}{chapter.2}% 12
\BOOKMARK [1][-]{section.2.2}{Architecture}{chapter.2}% 13
\BOOKMARK [2][-]{subsection.2.2.1}{Global overview}{section.2.2}% 14
\BOOKMARK [3][-]{subsubsection.2.2.1.1}{A brief overview of the RTIS software}{subsection.2.2.1}% 15
\BOOKMARK [3][-]{subsubsection.2.2.1.2}{The general idea behind the architecture}{subsection.2.2.1}% 16
\BOOKMARK [2][-]{subsection.2.2.2}{In-depth descriptions of the modules}{section.2.2}% 17
\BOOKMARK [3][-]{subsubsection.2.2.2.1}{Command senders}{subsection.2.2.2}% 18
\BOOKMARK [3][-]{subsubsection.2.2.2.2}{Command reader \046 data sender}{subsection.2.2.2}% 19
\BOOKMARK [3][-]{subsubsection.2.2.2.3}{Data reader}{subsection.2.2.2}% 20
\BOOKMARK [1][-]{section.2.3}{The GUI}{chapter.2}% 21
\BOOKMARK [2][-]{subsection.2.3.1}{Receiving data: trying to be intuitive}{section.2.3}% 22
\BOOKMARK [2][-]{subsection.2.3.2}{Sending files}{section.2.3}% 23
\BOOKMARK [-1][-]{chapter*.13}{Conclusion}{}% 24
\BOOKMARK [0][-]{Appendix.1.A}{Example of a RTIS configuration file}{chapter*.13}% 25
